<?xml version="1.0" encoding="UTF-8"?>
<testng-results ignored="0" total="1" passed="1" failed="0" skipped="0">
  <reporter-output>
  </reporter-output>
  <suite started-at="2021-07-15T10:10:45 IST" name="Default suite" finished-at="2021-07-15T10:11:06 IST" duration-ms="21658">
    <groups>
    </groups>
    <test started-at="2021-07-15T10:10:45 IST" name="Default test" finished-at="2021-07-15T10:11:06 IST" duration-ms="21658">
      <class name="Tests.HomepageTest">
        <test-method signature="requestQuoteTest()[pri:0, instance:Tests.HomepageTest@1ffe63b9]" started-at="2021-07-15T10:10:45 IST" name="requestQuoteTest" finished-at="2021-07-15T10:11:06 IST" duration-ms="21562" status="PASS">
          <reporter-output>
          </reporter-output>
        </test-method> <!-- requestQuoteTest -->
      </class> <!-- Tests.HomepageTest -->
    </test> <!-- Default test -->
  </suite> <!-- Default suite -->
</testng-results>
